<?xml version="1.0" encoding="UTF-8"?>
<!-- Generated by org.testng.reporters.JUnitReportReporter -->
<testsuite hostname="Deepak" failures="0" tests="1" name="dynamicJson_LibraryAPI.DynamicJson_1" time="4.098" errors="0" timestamp="2025-02-26T15:52:14 IST" skipped="0">
  <testcase classname="dynamicJson_LibraryAPI.DynamicJson_1" name="addBook" time="4.098"/>
</testsuite> <!-- dynamicJson_LibraryAPI.DynamicJson_1 -->
