<?xml version="1.0" encoding="UTF-8"?>
<!-- Generated by org.testng.reporters.JUnitReportReporter -->
<testsuite hostname="Deepak" failures="0" tests="1" name="excel.ExcelDriven" time="3.552" errors="0" timestamp="2025-03-21T21:20:09 IST" skipped="0">
  <testcase classname="excel.ExcelDriven" name="addBook" time="3.552"/>
</testsuite> <!-- excel.ExcelDriven -->
