<?xml version="1.0" encoding="UTF-8"?>
<!-- Generated by org.testng.reporters.JUnitReportReporter -->
<testsuite hostname="Deepak" failures="0" tests="1" name="excel.ExcelDriven_Using_HashMap_Nested" time="5.816" errors="0" timestamp="2025-03-22T10:01:35 IST" skipped="0">
  <testcase classname="excel.ExcelDriven_Using_HashMap_Nested" name="addBook" time="5.816"/>
</testsuite> <!-- excel.ExcelDriven_Using_HashMap_Nested -->
