<?xml version="1.0" encoding="UTF-8"?>
<!-- Generated by org.testng.reporters.JUnitReportReporter -->
<testsuite hostname="Deepak" failures="0" tests="1" name="ExcelDriven_2_learn.ExcelDriven_Using_HashMap_Excel_Integrate" time="5.576" errors="0" timestamp="2025-03-22T11:12:10 IST" skipped="0">
  <testcase classname="ExcelDriven_2_learn.ExcelDriven_Using_HashMap_Excel_Integrate" name="addBook" time="5.576"/>
</testsuite> <!-- ExcelDriven_2_learn.ExcelDriven_Using_HashMap_Excel_Integrate -->
