<?xml version="1.0" encoding="UTF-8"?>
<!-- Generated by org.testng.reporters.JUnitReportReporter -->
<testsuite hostname="Deepak" failures="0" tests="1" name="dynamicJson_LibraryAPI.DynamicJson_3_2" time="4.276" errors="0" timestamp="2025-02-27T15:47:46 IST" skipped="0">
  <testcase classname="dynamicJson_LibraryAPI.DynamicJson_3_2" name="GenerateBook" time="4.276"/>
</testsuite> <!-- dynamicJson_LibraryAPI.DynamicJson_3_2 -->
