<?xml version="1.0" encoding="UTF-8"?>
<!-- Generated by org.testng.reporters.JUnitReportReporter -->
<testsuite hostname="Deepak" failures="0" tests="1" name="excel.ExcelDriven_Using_HashMap" time="5.005" errors="0" timestamp="2025-03-22T09:53:52 IST" skipped="0">
  <testcase classname="excel.ExcelDriven_Using_HashMap" name="addBook" time="5.005"/>
</testsuite> <!-- excel.ExcelDriven_Using_HashMap -->
