<?xml version="1.0" encoding="UTF-8"?>
<!-- Generated by org.testng.reporters.JUnitReportReporter -->
<testsuite hostname="Deepak" failures="0" tests="1" name="dynamicJson_LibraryAPI.DynamicJson" time="4.809" errors="0" timestamp="2025-02-26T11:48:22 IST" skipped="0">
  <testcase classname="dynamicJson_LibraryAPI.DynamicJson" name="addBook" time="4.809"/>
</testsuite> <!-- dynamicJson_LibraryAPI.DynamicJson -->
