<?xml version="1.0" encoding="UTF-8"?>
<!-- Generated by org.testng.reporters.JUnitReportReporter -->
<testsuite hostname="Deepak" failures="0" tests="3" name="dynamicJson_LibraryAPI.DynamicJson_2" time="3.984" errors="0" timestamp="2025-02-27T10:58:26 IST" skipped="0">
  <testcase classname="dynamicJson_LibraryAPI.DynamicJson_2" name="addBook" time="0.103"/>
  <testcase classname="dynamicJson_LibraryAPI.DynamicJson_2" name="addBook" time="3.737"/>
  <testcase classname="dynamicJson_LibraryAPI.DynamicJson_2" name="addBook" time="0.144"/>
</testsuite> <!-- dynamicJson_LibraryAPI.DynamicJson_2 -->
