<?xml version="1.0" encoding="UTF-8"?>
<!-- Generated by org.testng.reporters.JUnitReportReporter -->
<testsuite hostname="Deepak" failures="0" tests="1" name="dynamicJson_LibraryAPI.DynamicJson_3" time="3.145" errors="0" timestamp="2025-02-27T15:15:27 IST" skipped="0">
  <testcase classname="dynamicJson_LibraryAPI.DynamicJson_3" name="GenerateBook" time="3.145"/>
</testsuite> <!-- dynamicJson_LibraryAPI.DynamicJson_3 -->
